This file contains any messages produced by compilers while
running configure, to aid debugging if configure makes a mistake.

It was created by configure, which was
generated by GNU Autoconf 2.59.  Invocation command line was

  $ ./configure --with-php-config=/home/users/guweiqing/odp/php/bin/php-config

## --------- ##
## Platform. ##
## --------- ##

hostname = cp01-rdqa04-dev153-guweiqing.epc.baidu.com
uname -m = x86_64
uname -r = 2.6.32_1-16-0-0_virtio
uname -s = Linux
uname -v = #1 SMP Thu May 14 15:30:56 CST 2015

/usr/bin/uname -p = unknown
/bin/uname -X     = unknown

/bin/arch              = x86_64
/usr/bin/arch -k       = unknown
/usr/convex/getsysinfo = unknown
hostinfo               = unknown
/bin/machine           = unknown
/usr/bin/oslevel       = unknown
/bin/universe          = unknown

PATH: /home/users/guweiqing/hadoop-client/hadoop/bin/
PATH: /home/users/guweiqing/odp/php/bin/
PATH: /home/users/guweiqing/.jumbo/bin/core_perl
PATH: /home/users/guweiqing/.jumbo/bin
PATH: /home/tools/tools/svn/1.6.5/64/bin
PATH: /home/tools/tools/scmtools/usr/bin
PATH: /home/tools/tools/../bin/64/
PATH: /home/tools/tools/maven/apache-maven-2.2.0/bin
PATH: /home/tools/tools/ant/apache-ant-1.6.5/bin
PATH: /home/tools/tools/ant/apache-ant-1.7.1/bin
PATH: /home/tools/tools/java/jdk1.6.0_20/bin
PATH: /home/tools/tools/php/5.2.17/64/bin
PATH: /home/tools/tools/scmtools/usr/bin/bcloud
PATH: /usr/kerberos/bin
PATH: /usr/local/bin
PATH: /bin
PATH: /usr/bin
PATH: /usr/X11R6/bin
PATH: /opt/bin
PATH: /home/opt/bin
PATH: /home/users/guweiqing/.jumbo/bin/vendor_perl
PATH: /home/users/guweiqing/bin


## ----------- ##
## Core tests. ##
## ----------- ##

configure:1484: checking for egrep
configure:1494: result: grep -E
configure:1499: checking for a sed that does not truncate output
configure:1553: result: /bin/sed
configure:1683: checking for cc
configure:1699: found /usr/bin/cc
configure:1709: result: cc
configure:1730: checking for C compiler version
configure:1733: cc --version </dev/null >&5
cc (GCC) 3.4.5 20051201 (Red Hat 3.4.5-2)
Copyright (C) 2004 Free Software Foundation, Inc.
This is free software; see the source for copying conditions.  There is NO
warranty; not even for MERCHANTABILITY or FITNESS FOR A PARTICULAR PURPOSE.

configure:1736: $? = 0
configure:1738: cc -v </dev/null >&5
Reading specs from /usr/lib/gcc/x86_64-redhat-linux/3.4.5/specs
Configured with: ../configure --prefix=/usr --mandir=/usr/share/man --infodir=/usr/share/info --enable-shared --enable-threads=posix --disable-checking --with-system-zlib --enable-__cxa_atexit --disable-libunwind-exceptions --enable-java-awt=gtk --host=x86_64-redhat-linux
Thread model: posix
gcc version 3.4.5 20051201 (Red Hat 3.4.5-2)
configure:1741: $? = 0
configure:1743: cc -V </dev/null >&5
cc: `-V' option must have argument
configure:1746: $? = 1
configure:1769: checking for C compiler default output file name
configure:1772: cc    conftest.c  >&5
configure:1775: $? = 0
configure:1821: result: a.out
configure:1826: checking whether the C compiler works
configure:1832: ./a.out
configure:1835: $? = 0
configure:1852: result: yes
configure:1859: checking whether we are cross compiling
configure:1861: result: no
configure:1864: checking for suffix of executables
configure:1866: cc -o conftest    conftest.c  >&5
configure:1869: $? = 0
configure:1894: result: 
configure:1900: checking for suffix of object files
configure:1921: cc -c   conftest.c >&5
configure:1924: $? = 0
configure:1946: result: o
configure:1950: checking whether we are using the GNU C compiler
configure:1974: cc -c   conftest.c >&5
configure:1980: $? = 0
configure:1984: test -z 
			 || test ! -s conftest.err
configure:1987: $? = 0
configure:1990: test -s conftest.o
configure:1993: $? = 0
configure:2006: result: yes
configure:2012: checking whether cc accepts -g
configure:2033: cc -c -g  conftest.c >&5
configure:2039: $? = 0
configure:2043: test -z 
			 || test ! -s conftest.err
configure:2046: $? = 0
configure:2049: test -s conftest.o
configure:2052: $? = 0
configure:2063: result: yes
configure:2080: checking for cc option to accept ANSI C
configure:2150: cc  -c -g -O2  conftest.c >&5
configure:2156: $? = 0
configure:2160: test -z 
			 || test ! -s conftest.err
configure:2163: $? = 0
configure:2166: test -s conftest.o
configure:2169: $? = 0
configure:2187: result: none needed
configure:2205: cc -c -g -O2  conftest.c >&5
conftest.c:2: error: syntax error before "me"
configure:2211: $? = 1
configure: failed program was:
| #ifndef __cplusplus
|   choke me
| #endif
configure:2350: checking how to run the C preprocessor
configure:2385: cc -E  conftest.c
configure:2391: $? = 0
configure:2423: cc -E  conftest.c
conftest.c:9:28: ac_nonexistent.h: No such file or directory
configure:2429: $? = 1
configure: failed program was:
| /* confdefs.h.  */
| 
| #define PACKAGE_NAME ""
| #define PACKAGE_TARNAME ""
| #define PACKAGE_VERSION ""
| #define PACKAGE_STRING ""
| #define PACKAGE_BUGREPORT ""
| /* end confdefs.h.  */
| #include <ac_nonexistent.h>
configure:2468: result: cc -E
configure:2492: cc -E  conftest.c
configure:2498: $? = 0
configure:2530: cc -E  conftest.c
conftest.c:9:28: ac_nonexistent.h: No such file or directory
configure:2536: $? = 1
configure: failed program was:
| /* confdefs.h.  */
| 
| #define PACKAGE_NAME ""
| #define PACKAGE_TARNAME ""
| #define PACKAGE_VERSION ""
| #define PACKAGE_STRING ""
| #define PACKAGE_BUGREPORT ""
| /* end confdefs.h.  */
| #include <ac_nonexistent.h>
configure:2582: checking for icc
configure:2595: result: no
configure:2609: checking for suncc
configure:2622: result: no
configure:2640: checking whether cc understands -c and -o together
configure:2667: cc -c conftest.c -o conftest.o >&5
configure:2670: $? = 0
configure:2672: cc -c conftest.c -o conftest.o >&5
configure:2675: $? = 0
configure:2714: result: yes
configure:2730: checking for system library directory
configure:2748: result: lib
configure:2755: checking if compiler supports -R
configure:2779: cc -o conftest -g -O2   conftest.c -R /usr/lib  >&5
cc: unrecognized option `-R'
/usr/lib: file not recognized: Is a directory
collect2: ld returned 1 exit status
configure:2785: $? = 1
configure: failed program was:
| /* confdefs.h.  */
| 
| #define PACKAGE_NAME ""
| #define PACKAGE_TARNAME ""
| #define PACKAGE_VERSION ""
| #define PACKAGE_STRING ""
| #define PACKAGE_BUGREPORT ""
| /* end confdefs.h.  */
| 
| int
| main ()
| {
| 
|   ;
|   return 0;
| }
configure:2812: result: no
configure:2817: checking if compiler supports -Wl,-rpath,
configure:2841: cc -o conftest -g -O2   conftest.c -Wl,-rpath,/usr/lib  >&5
configure:2847: $? = 0
configure:2851: test -z 
			 || test ! -s conftest.err
configure:2854: $? = 0
configure:2857: test -s conftest
configure:2860: $? = 0
configure:2874: result: yes
configure:2917: checking build system type
configure:2935: result: x86_64-unknown-linux-gnu
configure:2943: checking host system type
configure:2957: result: x86_64-unknown-linux-gnu
configure:2965: checking target system type
configure:2979: result: x86_64-unknown-linux-gnu
configure:3077: checking for PHP prefix
configure:3079: result: /home/users/guweiqing/home/work/odp/php
configure:3081: checking for PHP includes
configure:3083: result: -I/home/users/guweiqing/home/work/odp/php/include/php -I/home/users/guweiqing/home/work/odp/php/include/php/main -I/home/users/guweiqing/home/work/odp/php/include/php/TSRM -I/home/users/guweiqing/home/work/odp/php/include/php/Zend -I/home/users/guweiqing/home/work/odp/php/include/php/ext -I/home/users/guweiqing/home/work/odp/php/include/php/ext/date/lib
configure:3085: checking for PHP extension directory
configure:3087: result: /home/users/guweiqing/home/work/odp/php/ext
configure:3089: checking for PHP installed headers prefix
configure:3091: result: /home/users/guweiqing/home/work/odp/php/include/php
configure:3094: checking if debug is enabled
configure:3124: result: no
configure:3127: checking if zts is enabled
configure:3157: result: no
configure:3239: checking for re2c
configure:3268: result: no
configure:3292: WARNING: You will need re2c 0.13.4 or later if you want to regenerate PHP parsers.
configure:3306: checking for gawk
configure:3323: found /bin/gawk
configure:3333: result: gawk
configure:3382: checking for axes support
configure:3425: result: yes, shared
configure:3435: checking whether to enable axes support
configure:3477: result: yes, shared
configure:3877: checking for ld used by cc
configure:3944: result: /usr/bin/ld
configure:3953: checking if the linker (/usr/bin/ld) is GNU ld
configure:3968: result: yes
configure:3973: checking for /usr/bin/ld option to reload object files
configure:3980: result: -r
configure:3998: checking for BSD-compatible nm
configure:4047: result: /usr/bin/nm -B
configure:4051: checking whether ln -s works
configure:4055: result: yes
configure:4062: checking how to recognize dependent libraries
configure:4248: result: pass_all
configure:4333: cc -c -g -O2  conftest.c >&5
configure:4336: $? = 0
configure:4489: checking for ANSI C header files
configure:4514: cc -c -g -O2  conftest.c >&5
configure:4520: $? = 0
configure:4524: test -z 
			 || test ! -s conftest.err
configure:4527: $? = 0
configure:4530: test -s conftest.o
configure:4533: $? = 0
configure:4622: cc -o conftest -g -O2   conftest.c  >&5
configure:4625: $? = 0
configure:4627: ./conftest
configure:4630: $? = 0
configure:4645: result: yes
configure:4669: checking for sys/types.h
configure:4685: cc -c -g -O2  conftest.c >&5
configure:4691: $? = 0
configure:4695: test -z 
			 || test ! -s conftest.err
configure:4698: $? = 0
configure:4701: test -s conftest.o
configure:4704: $? = 0
configure:4715: result: yes
configure:4669: checking for sys/stat.h
configure:4685: cc -c -g -O2  conftest.c >&5
configure:4691: $? = 0
configure:4695: test -z 
			 || test ! -s conftest.err
configure:4698: $? = 0
configure:4701: test -s conftest.o
configure:4704: $? = 0
configure:4715: result: yes
configure:4669: checking for stdlib.h
configure:4685: cc -c -g -O2  conftest.c >&5
configure:4691: $? = 0
configure:4695: test -z 
			 || test ! -s conftest.err
configure:4698: $? = 0
configure:4701: test -s conftest.o
configure:4704: $? = 0
configure:4715: result: yes
configure:4669: checking for string.h
configure:4685: cc -c -g -O2  conftest.c >&5
configure:4691: $? = 0
configure:4695: test -z 
			 || test ! -s conftest.err
configure:4698: $? = 0
configure:4701: test -s conftest.o
configure:4704: $? = 0
configure:4715: result: yes
configure:4669: checking for memory.h
configure:4685: cc -c -g -O2  conftest.c >&5
configure:4691: $? = 0
configure:4695: test -z 
			 || test ! -s conftest.err
configure:4698: $? = 0
configure:4701: test -s conftest.o
configure:4704: $? = 0
configure:4715: result: yes
configure:4669: checking for strings.h
configure:4685: cc -c -g -O2  conftest.c >&5
configure:4691: $? = 0
configure:4695: test -z 
			 || test ! -s conftest.err
configure:4698: $? = 0
configure:4701: test -s conftest.o
configure:4704: $? = 0
configure:4715: result: yes
configure:4669: checking for inttypes.h
configure:4685: cc -c -g -O2  conftest.c >&5
configure:4691: $? = 0
configure:4695: test -z 
			 || test ! -s conftest.err
configure:4698: $? = 0
configure:4701: test -s conftest.o
configure:4704: $? = 0
configure:4715: result: yes
configure:4669: checking for stdint.h
configure:4685: cc -c -g -O2  conftest.c >&5
configure:4691: $? = 0
configure:4695: test -z 
			 || test ! -s conftest.err
configure:4698: $? = 0
configure:4701: test -s conftest.o
configure:4704: $? = 0
configure:4715: result: yes
configure:4669: checking for unistd.h
configure:4685: cc -c -g -O2  conftest.c >&5
configure:4691: $? = 0
configure:4695: test -z 
			 || test ! -s conftest.err
configure:4698: $? = 0
configure:4701: test -s conftest.o
configure:4704: $? = 0
configure:4715: result: yes
configure:4741: checking dlfcn.h usability
configure:4753: cc -c -g -O2  conftest.c >&5
configure:4759: $? = 0
configure:4763: test -z 
			 || test ! -s conftest.err
configure:4766: $? = 0
configure:4769: test -s conftest.o
configure:4772: $? = 0
configure:4782: result: yes
configure:4786: checking dlfcn.h presence
configure:4796: cc -E  conftest.c
configure:4802: $? = 0
configure:4822: result: yes
configure:4857: checking for dlfcn.h
configure:4864: result: yes
configure:4889: checking the maximum length of command line arguments
configure:5001: result: 98304
configure:5013: checking command to parse /usr/bin/nm -B output from cc object
configure:5118: cc -c -g -O2  conftest.c >&5
configure:5121: $? = 0
configure:5125: /usr/bin/nm -B conftest.o \| sed -n -e 's/^.*[ 	]\([ABCDGIRSTW][ABCDGIRSTW]*\)[ 	][ 	]*\([_A-Za-z][_A-Za-z0-9]*\)$/\1 \2 \2/p' \> conftest.nm
configure:5128: $? = 0
configure:5180: cc -o conftest -g -O2   conftest.c conftstm.o >&5
configure:5183: $? = 0
configure:5221: result: ok
configure:5225: checking for objdir
configure:5240: result: .libs
configure:5330: checking for ar
configure:5346: found /usr/bin/ar
configure:5357: result: ar
configure:5410: checking for ranlib
configure:5426: found /usr/bin/ranlib
configure:5437: result: ranlib
configure:5490: checking for strip
configure:5506: found /usr/bin/strip
configure:5517: result: strip
configure:6053: checking if cc supports -fno-rtti -fno-exceptions
configure:6071: cc -c -g -O2  -fno-rtti -fno-exceptions conftest.c >&5
cc1: warning: command line option "-fno-rtti" is valid for C++/ObjC++ but not for C
configure:6075: $? = 0
configure:6088: result: no
configure:6103: checking for cc option to produce PIC
configure:6343: result: -fPIC
configure:6351: checking if cc PIC flag -fPIC works
configure:6369: cc -c -g -O2  -fPIC -DPIC conftest.c >&5
configure:6373: $? = 0
configure:6386: result: yes
configure:6414: checking if cc static flag -static works
configure:6442: result: yes
configure:6452: checking if cc supports -c -o file.o
configure:6473: cc -c -g -O2  -o out/conftest2.o conftest.c >&5
configure:6477: $? = 0
configure:6499: result: yes
configure:6525: checking whether the cc linker (/usr/bin/ld -m elf_x86_64) supports shared libraries
configure:7457: result: yes
configure:7478: checking whether -lc should be explicitly linked in
configure:7483: cc -c -g -O2  conftest.c >&5
configure:7486: $? = 0
configure:7501: cc -shared conftest.o  -v -Wl,-soname -Wl,conftest -o conftest 2\>\&1 \| grep  -lc  \>/dev/null 2\>\&1
configure:7504: $? = 0
configure:7516: result: no
configure:7524: checking dynamic linker characteristics
configure:8126: result: GNU/Linux ld.so
configure:8150: checking how to hardcode library paths into programs
configure:8175: result: immediate
configure:8189: checking whether stripping libraries is possible
configure:8194: result: yes
configure:9029: checking if libtool supports shared libraries
configure:9031: result: yes
configure:9034: checking whether to build shared libraries
configure:9055: result: yes
configure:9058: checking whether to build static libraries
configure:9062: result: no
configure:9157: result:
creating libtool
configure:12852: creating ./config.status

## ---------------------- ##
## Running config.status. ##
## ---------------------- ##

This file was extended by config.status, which was
generated by GNU Autoconf 2.59.  Invocation command line was

  CONFIG_FILES    = 
  CONFIG_HEADERS  = 
  CONFIG_LINKS    = 
  CONFIG_COMMANDS = 
  $ ./config.status 

on cp01-rdqa04-dev153-guweiqing.epc.baidu.com

config.status:454: creating config.h

## ---------------- ##
## Cache variables. ##
## ---------------- ##

ac_cv_build=x86_64-unknown-linux-gnu
ac_cv_build_alias=x86_64-unknown-linux-gnu
ac_cv_c_compiler_gnu=yes
ac_cv_env_CC_set=
ac_cv_env_CC_value=
ac_cv_env_CFLAGS_set=
ac_cv_env_CFLAGS_value=
ac_cv_env_CPPFLAGS_set=
ac_cv_env_CPPFLAGS_value=
ac_cv_env_CPP_set=
ac_cv_env_CPP_value=
ac_cv_env_LDFLAGS_set=
ac_cv_env_LDFLAGS_value=
ac_cv_env_build_alias_set=
ac_cv_env_build_alias_value=
ac_cv_env_host_alias_set=
ac_cv_env_host_alias_value=
ac_cv_env_target_alias_set=
ac_cv_env_target_alias_value=
ac_cv_exeext=
ac_cv_header_dlfcn_h=yes
ac_cv_header_inttypes_h=yes
ac_cv_header_memory_h=yes
ac_cv_header_stdc=yes
ac_cv_header_stdint_h=yes
ac_cv_header_stdlib_h=yes
ac_cv_header_string_h=yes
ac_cv_header_strings_h=yes
ac_cv_header_sys_stat_h=yes
ac_cv_header_sys_types_h=yes
ac_cv_header_unistd_h=yes
ac_cv_host=x86_64-unknown-linux-gnu
ac_cv_host_alias=x86_64-unknown-linux-gnu
ac_cv_objext=o
ac_cv_prog_AWK=gawk
ac_cv_prog_CPP='cc -E'
ac_cv_prog_ac_ct_AR=ar
ac_cv_prog_ac_ct_CC=cc
ac_cv_prog_ac_ct_RANLIB=ranlib
ac_cv_prog_ac_ct_STRIP=strip
ac_cv_prog_cc_cc_c_o=yes
ac_cv_prog_cc_g=yes
ac_cv_prog_cc_stdc=
ac_cv_prog_egrep='grep -E'
ac_cv_target=x86_64-unknown-linux-gnu
ac_cv_target_alias=x86_64-unknown-linux-gnu
lt_cv_deplibs_check_method=pass_all
lt_cv_file_magic_cmd='$MAGIC_CMD'
lt_cv_file_magic_test_file=
lt_cv_ld_reload_flag=-r
lt_cv_objdir=.libs
lt_cv_path_LD=/usr/bin/ld
lt_cv_path_NM='/usr/bin/nm -B'
lt_cv_path_SED=/bin/sed
lt_cv_prog_compiler_c_o=yes
lt_cv_prog_compiler_pic_works=yes
lt_cv_prog_compiler_rtti_exceptions=no
lt_cv_prog_compiler_static_works=yes
lt_cv_prog_gnu_ld=yes
lt_cv_sys_global_symbol_pipe='sed -n -e '\''s/^.*[ 	]\([ABCDGIRSTW][ABCDGIRSTW]*\)[ 	][ 	]*\([_A-Za-z][_A-Za-z0-9]*\)$/\1 \2 \2/p'\'''
lt_cv_sys_global_symbol_to_c_name_address='sed -n -e '\''s/^: \([^ ]*\) $/  {\"\1\", (lt_ptr) 0},/p'\'' -e '\''s/^[BCDEGRST] \([^ ]*\) \([^ ]*\)$/  {"\2", (lt_ptr) \&\2},/p'\'''
lt_cv_sys_global_symbol_to_cdecl='sed -n -e '\''s/^. .* \(.*\)$/extern int \1;/p'\'''
lt_cv_sys_lib_dlsearch_path_spec='/lib /usr/lib /usr/lib64/infiniband /usr/lib/mysql /usr/lib/mysql /usr/X11R6/lib /usr/X11R6/lib64 '
lt_cv_sys_lib_search_path_spec='/usr/lib/gcc/x86_64-redhat-linux/3.4.5 /usr/lib64 /lib64'
lt_cv_sys_max_cmd_len=98304
lt_lt_cv_prog_compiler_c_o='"yes"'
lt_lt_cv_sys_global_symbol_pipe='"sed -n -e '\''s/^.*[ 	]\\([ABCDGIRSTW][ABCDGIRSTW]*\\)[ 	][ 	]*\\([_A-Za-z][_A-Za-z0-9]*\\)\$/\\1 \\2 \\2/p'\''"'
lt_lt_cv_sys_global_symbol_to_c_name_address='"sed -n -e '\''s/^: \\([^ ]*\\) \$/  {\\\"\\1\\\", (lt_ptr) 0},/p'\'' -e '\''s/^[BCDEGRST] \\([^ ]*\\) \\([^ ]*\\)\$/  {\"\\2\", (lt_ptr) \\&\\2},/p'\''"'
lt_lt_cv_sys_global_symbol_to_cdecl='"sed -n -e '\''s/^. .* \\(.*\\)\$/extern int \\1;/p'\''"'
php_cv_cc_dashr=no
php_cv_cc_rpath=yes

## ----------------- ##
## Output variables. ##
## ----------------- ##

AR='ar'
AWK='gawk'
CC='cc'
CFLAGS='-g -O2'
CONFIGURE_COMMAND=' './configure'  '--with-php-config=/home/users/guweiqing/odp/php/bin/php-config''
CONFIGURE_OPTIONS=' '--with-php-config=/home/users/guweiqing/odp/php/bin/php-config''
CPP='cc -E'
CPPFLAGS=' -DHAVE_CONFIG_H'
DEFS='-DHAVE_CONFIG_H'
DSYMUTIL=''
ECHO='echo'
ECHO_C=''
ECHO_N='-n'
ECHO_T=''
EGREP='grep -E'
EXEEXT=''
LDFLAGS=''
LIBOBJS=''
LIBS=''
LIBTOOL='$(SHELL) $(top_builddir)/libtool'
LN_S='ln -s'
LTLIBOBJS=''
NMEDIT=''
OBJEXT='o'
PACKAGE_BUGREPORT=''
PACKAGE_NAME=''
PACKAGE_STRING=''
PACKAGE_TARNAME=''
PACKAGE_VERSION=''
PATH_SEPARATOR=':'
RANLIB='ranlib'
RE2C='exit 0;'
SED='/bin/sed'
SHELL='/bin/sh'
SHLIB_DL_SUFFIX_NAME='so'
SHLIB_SUFFIX_NAME='so'
STRIP='strip'
ac_ct_AR='ar'
ac_ct_CC='cc'
ac_ct_DSYMUTIL=''
ac_ct_NMEDIT=''
ac_ct_RANLIB='ranlib'
ac_ct_STRIP='strip'
bindir='${exec_prefix}/bin'
build='x86_64-unknown-linux-gnu'
build_alias=''
build_cpu='x86_64'
build_os='linux-gnu'
build_vendor='unknown'
datadir='${prefix}/share'
exec_prefix='$(prefix)'
host='x86_64-unknown-linux-gnu'
host_alias='x86_64-unknown-linux-gnu'
host_cpu='x86_64'
host_os='linux-gnu'
host_vendor='unknown'
includedir='${prefix}/include'
infodir='${prefix}/info'
libdir='${exec_prefix}/lib'
libexecdir='${exec_prefix}/libexec'
localstatedir='${prefix}/var'
mandir='${prefix}/man'
oldincludedir='/usr/include'
prefix='/home/users/guweiqing/home/work/odp/php'
program_transform_name='s,x,x,'
sbindir='${exec_prefix}/sbin'
sharedstatedir='${prefix}/com'
sysconfdir='${prefix}/etc'
target='x86_64-unknown-linux-gnu'
target_alias=''
target_cpu='x86_64'
target_os='linux-gnu'
target_vendor='unknown'

## ----------- ##
## confdefs.h. ##
## ----------- ##

#define COMPILE_DL_AXES 1
#define HAVE_DLFCN_H 1
#define HAVE_INTTYPES_H 1
#define HAVE_MEMORY_H 1
#define HAVE_STDINT_H 1
#define HAVE_STDLIB_H 1
#define HAVE_STRINGS_H 1
#define HAVE_STRING_H 1
#define HAVE_SYS_STAT_H 1
#define HAVE_SYS_TYPES_H 1
#define HAVE_UNISTD_H 1
#define PACKAGE_BUGREPORT ""
#define PACKAGE_NAME ""
#define PACKAGE_STRING ""
#define PACKAGE_TARNAME ""
#define PACKAGE_VERSION ""
#define STDC_HEADERS 1

configure: exit 0
